2025-04-09 16:09:17.033089 - Received CBT.V508.FILE1037.PDS from FILE1037.XMI 
2025-04-09 16:09:17.052268 - Found $$$#DATE.txt (text/plain) in CBT.V508.FILE1037.PDS, moved to PDS/$$$#DATE
2025-04-09 16:09:17.053271 - Found $$DOC.txt (text/plain) in CBT.V508.FILE1037.PDS, moved to PDS/$$DOC
2025-04-09 16:09:17.053890 - Found $RECEIVE.jcl (text/plain) in CBT.V508.FILE1037.PDS, moved to PDS/$RECEIVE
2025-04-09 16:09:17.054508 - Found @FIL1037.txt (text/plain) in CBT.V508.FILE1037.PDS, moved to PDS/@FIL1037
2025-04-09 16:09:17.055367 - Found DOCX.docx (application/vnd.openxmlformats-officedocument.wordprocessingml.document) in CBT.V508.FILE1037.PDS, moved to docs/DOCX.docx
2025-04-09 16:09:17.056053 - Found LOAD.xmi (application/xmit) in CBT.V508.FILE1037.PDS, moved to PDS/LOAD.xmi
2025-04-09 16:09:17.087941 - Received SBGOLOB.DISASM.LOAD from LOAD.xmi 
2025-04-09 16:09:17.102515 - Found alias DISASM to DISASM01 in SBGOLOB.DISASM.LOAD, moved to PDS/DISASM
2025-04-09 16:09:17.103381 - Found DISASM01.bin (application/octet-stream) in SBGOLOB.DISASM.LOAD, moved to LOAD/DISASM01
2025-04-09 16:09:17.103964 - Found DISOPAPP.bin (application/octet-stream) in SBGOLOB.DISASM.LOAD, moved to LOAD/DISOPAPP
2025-04-09 16:09:17.104582 - Found DISOPAP2.bin (application/octet-stream) in SBGOLOB.DISASM.LOAD, moved to LOAD/DISOPAP2
2025-04-09 16:09:17.105206 - Found DISOP36S.bin (application/octet-stream) in SBGOLOB.DISASM.LOAD, moved to LOAD/DISOP36S
2025-04-09 16:09:17.105718 - Found DISOP37B.bin (application/octet-stream) in SBGOLOB.DISASM.LOAD, moved to LOAD/DISOP37B
2025-04-09 16:09:17.106206 - Found DISOP370.bin (application/octet-stream) in SBGOLOB.DISASM.LOAD, moved to LOAD/DISOP370
2025-04-09 16:09:17.106739 - Found DISOP390.bin (application/octet-stream) in SBGOLOB.DISASM.LOAD, moved to LOAD/DISOP390
2025-04-09 16:09:17.108822 - Found SOURCE.xmi (application/xmit) in CBT.V508.FILE1037.PDS, moved to PDS/SOURCE.xmi
2025-04-09 16:09:17.811940 - Received SBGOLOB.DISASM.SOURCE from SOURCE.xmi 
2025-04-09 16:09:17.815856 - Found $$$ASM.jcl (text/plain) in SBGOLOB.DISASM.SOURCE, moved to SOURCE/$$$ASM
2025-04-09 16:09:17.816494 - Found $$ASMESP.jcl (text/plain) in SBGOLOB.DISASM.SOURCE, moved to SOURCE/$$ASMESP
2025-04-09 16:09:17.817099 - Found $$ASMES1.jcl (text/plain) in SBGOLOB.DISASM.SOURCE, moved to SOURCE/$$ASMES1
2025-04-09 16:09:17.817717 - Found $$ASMXA.jcl (text/plain) in SBGOLOB.DISASM.SOURCE, moved to SOURCE/$$ASMXA
2025-04-09 16:09:17.818336 - Found $$ASTEST.jcl (text/plain) in SBGOLOB.DISASM.SOURCE, moved to SOURCE/$$ASTEST
2025-04-09 16:09:17.819020 - Found $$DOC.txt (text/plain) in SBGOLOB.DISASM.SOURCE, moved to SOURCE/$$DOC
2025-04-09 16:09:17.819672 - Found $$DOCLST.jcl (text/plain) in SBGOLOB.DISASM.SOURCE, moved to SOURCE/$$DOCLST
2025-04-09 16:09:17.820268 - Found $$HIST.txt (text/plain) in SBGOLOB.DISASM.SOURCE, moved to SOURCE/$$HIST
2025-04-09 16:09:17.820812 - Found $$PROC.txt (text/plain) in SBGOLOB.DISASM.SOURCE, moved to SOURCE/$$PROC
2025-04-09 16:09:17.821369 - Found $$PROCA.txt (text/plain) in SBGOLOB.DISASM.SOURCE, moved to SOURCE/$$PROCA
2025-04-09 16:09:17.821904 - Found $TESTJCL.jcl (text/plain) in SBGOLOB.DISASM.SOURCE, moved to SOURCE/$TESTJCL
2025-04-09 16:09:17.822508 - Found $TESTLST.jcl (text/plain) in SBGOLOB.DISASM.SOURCE, moved to SOURCE/$TESTLST
2025-04-09 16:09:17.823066 - Found $TESTRUN.jcl (text/plain) in SBGOLOB.DISASM.SOURCE, moved to SOURCE/$TESTRUN
2025-04-09 16:09:17.823623 - Found AMODE.txt (text/plain) in SBGOLOB.DISASM.SOURCE, moved to SOURCE/AMODE
2025-04-09 16:09:17.824185 - Found DBUGBLOK.txt (text/plain) in SBGOLOB.DISASM.SOURCE, moved to SOURCE/DBUGBLOK
2025-04-09 16:09:17.824781 - Found DISASMAP.txt (text/plain) in SBGOLOB.DISASM.SOURCE, moved to SOURCE/DISASMAP
2025-04-09 16:09:17.825439 - Found DISASMCM.txt (text/plain) in SBGOLOB.DISASM.SOURCE, moved to SOURCE/DISASMCM
2025-04-09 16:09:17.825998 - Found DISASMDA.txt (text/plain) in SBGOLOB.DISASM.SOURCE, moved to SOURCE/DISASMDA
2025-04-09 16:09:17.826603 - Found DISASMDB.txt (text/plain) in SBGOLOB.DISASM.SOURCE, moved to SOURCE/DISASMDB
2025-04-09 16:09:17.827262 - Found DISASMDC.txt (text/plain) in SBGOLOB.DISASM.SOURCE, moved to SOURCE/DISASMDC
2025-04-09 16:09:17.827879 - Found DISASMDT.txt (text/plain) in SBGOLOB.DISASM.SOURCE, moved to SOURCE/DISASMDT
2025-04-09 16:09:17.828515 - Found DISASMGB.txt (text/plain) in SBGOLOB.DISASM.SOURCE, moved to SOURCE/DISASMGB
2025-04-09 16:09:17.829114 - Found DISASMLS.txt (text/plain) in SBGOLOB.DISASM.SOURCE, moved to SOURCE/DISASMLS
2025-04-09 16:09:17.829732 - Found DISASMOP.txt (text/plain) in SBGOLOB.DISASM.SOURCE, moved to SOURCE/DISASMOP
2025-04-09 16:09:17.830310 - Found DISASMPR.txt (text/plain) in SBGOLOB.DISASM.SOURCE, moved to SOURCE/DISASMPR
2025-04-09 16:09:17.831196 - Found DISASMPU.txt (text/plain) in SBGOLOB.DISASM.SOURCE, moved to SOURCE/DISASMPU
2025-04-09 16:09:17.831875 - Found DISASMTS.txt (text/plain) in SBGOLOB.DISASM.SOURCE, moved to SOURCE/DISASMTS
2025-04-09 16:09:17.832473 - Found DISASM00.txt (text/plain) in SBGOLOB.DISASM.SOURCE, moved to SOURCE/DISASM00
2025-04-09 16:09:17.833085 - Found DISASM01.txt (text/plain) in SBGOLOB.DISASM.SOURCE, moved to SOURCE/DISASM01
2025-04-09 16:09:17.833808 - Found DISASM02.txt (text/plain) in SBGOLOB.DISASM.SOURCE, moved to SOURCE/DISASM02
2025-04-09 16:09:17.834476 - Found DISASM03.txt (text/plain) in SBGOLOB.DISASM.SOURCE, moved to SOURCE/DISASM03
2025-04-09 16:09:17.835031 - Found DISASM04.txt (text/plain) in SBGOLOB.DISASM.SOURCE, moved to SOURCE/DISASM04
2025-04-09 16:09:17.835596 - Found DISASM05.txt (text/plain) in SBGOLOB.DISASM.SOURCE, moved to SOURCE/DISASM05
2025-04-09 16:09:17.836111 - Found DISASM06.txt (text/plain) in SBGOLOB.DISASM.SOURCE, moved to SOURCE/DISASM06
2025-04-09 16:09:17.836712 - Found DISASM07.txt (text/plain) in SBGOLOB.DISASM.SOURCE, moved to SOURCE/DISASM07
2025-04-09 16:09:17.837347 - Found DISASM08.txt (text/plain) in SBGOLOB.DISASM.SOURCE, moved to SOURCE/DISASM08
2025-04-09 16:09:17.838035 - Found DISASM09.txt (text/plain) in SBGOLOB.DISASM.SOURCE, moved to SOURCE/DISASM09
2025-04-09 16:09:17.838730 - Found DISASM13.txt (text/plain) in SBGOLOB.DISASM.SOURCE, moved to SOURCE/DISASM13
2025-04-09 16:09:17.839450 - Found DISASM19.txt (text/plain) in SBGOLOB.DISASM.SOURCE, moved to SOURCE/DISASM19
2025-04-09 16:09:17.840114 - Found DISASM55.txt (text/plain) in SBGOLOB.DISASM.SOURCE, moved to SOURCE/DISASM55
2025-04-09 16:09:17.840738 - Found DISOPAPP.txt (text/plain) in SBGOLOB.DISASM.SOURCE, moved to SOURCE/DISOPAPP
2025-04-09 16:09:17.841322 - Found DISOPAP2.txt (text/plain) in SBGOLOB.DISASM.SOURCE, moved to SOURCE/DISOPAP2
2025-04-09 16:09:17.841910 - Found DISOPT.txt (text/plain) in SBGOLOB.DISASM.SOURCE, moved to SOURCE/DISOPT
2025-04-09 16:09:17.842540 - Found DISOPZ00.txt (text/plain) in SBGOLOB.DISASM.SOURCE, moved to SOURCE/DISOPZ00
2025-04-09 16:09:17.843129 - Found DISOP36S.txt (text/plain) in SBGOLOB.DISASM.SOURCE, moved to SOURCE/DISOP36S
2025-04-09 16:09:17.843788 - Found DISOP360.txt (text/plain) in SBGOLOB.DISASM.SOURCE, moved to SOURCE/DISOP360
2025-04-09 16:09:17.844356 - Found DISOP37B.txt (text/plain) in SBGOLOB.DISASM.SOURCE, moved to SOURCE/DISOP37B
2025-04-09 16:09:17.844958 - Found DISOP370.txt (text/plain) in SBGOLOB.DISASM.SOURCE, moved to SOURCE/DISOP370
2025-04-09 16:09:17.845618 - Found DISOP390.txt (text/plain) in SBGOLOB.DISASM.SOURCE, moved to SOURCE/DISOP390
2025-04-09 16:09:17.846154 - Found ITRACE.txt (text/plain) in SBGOLOB.DISASM.SOURCE, moved to SOURCE/ITRACE
2025-04-09 16:09:17.846689 - Found MIN.txt (text/plain) in SBGOLOB.DISASM.SOURCE, moved to SOURCE/MIN
2025-04-09 16:09:17.847258 - Found MODHEAD.txt (text/plain) in SBGOLOB.DISASM.SOURCE, moved to SOURCE/MODHEAD
2025-04-09 16:09:17.847993 - Found OLDASM09.txt (text/plain) in SBGOLOB.DISASM.SOURCE, moved to SOURCE/OLDASM09
2025-04-09 16:09:17.848673 - Found OPCODE.txt (text/plain) in SBGOLOB.DISASM.SOURCE, moved to SOURCE/OPCODE
2025-04-09 16:09:17.849206 - Found PRTBLOK.txt (text/plain) in SBGOLOB.DISASM.SOURCE, moved to SOURCE/PRTBLOK
2025-04-09 16:09:17.849750 - Found PUNBLOK.txt (text/plain) in SBGOLOB.DISASM.SOURCE, moved to SOURCE/PUNBLOK
2025-04-09 16:09:17.850336 - Found RMODE.txt (text/plain) in SBGOLOB.DISASM.SOURCE, moved to SOURCE/RMODE
2025-04-09 16:09:17.850842 - Found SHEX.txt (text/plain) in SBGOLOB.DISASM.SOURCE, moved to SOURCE/SHEX
2025-04-09 16:09:17.851503 - Found YREGS.txt (text/plain) in SBGOLOB.DISASM.SOURCE, moved to SOURCE/YREGS
